<?xml version="1.0" encoding="UTF-8"?>
<!-- Generated by org.testng.reporters.JUnitReportReporter -->
<testsuite hostname="LAPTOP-TOSCJTID" failures="0" tests="1" name="website.website.AddRemoveItems" time="18.787" errors="0" timestamp="2024-05-17T16:35:57 IST" skipped="0">
  <testcase classname="website.website.AddRemoveItems" name="addRemoveItem" time="18.787"/>
  <system-out/>
</testsuite> <!-- website.website.AddRemoveItems -->
