<?xml version="1.0" encoding="UTF-8"?>
<!-- Generated by org.testng.reporters.JUnitReportReporter -->
<testsuite hostname="LAPTOP-TOSCJTID" failures="0" tests="1" name="website.website.OrderCompleteTest" time="23.376" errors="0" timestamp="2024-05-17T16:35:57 IST" skipped="0">
  <testcase classname="website.website.OrderCompleteTest" name="endToEndTest" time="23.376"/>
  <system-out/>
</testsuite> <!-- website.website.OrderCompleteTest -->
